Started GET "/" for 127.0.0.1 at 2023-06-23 13:25:57 +0900
Processing by Rails::WelcomeController#index as HTML
  Rendering /Users/itoutsutomu/.anyenv/envs/rbenv/versions/3.0.3/lib/ruby/gems/3.0.0/gems/railties-7.0.5/lib/rails/templates/rails/welcome/index.html.erb
  Rendered /Users/itoutsutomu/.anyenv/envs/rbenv/versions/3.0.3/lib/ruby/gems/3.0.0/gems/railties-7.0.5/lib/rails/templates/rails/welcome/index.html.erb (Duration: 1.3ms | Allocations: 940)
Completed 200 OK in 13ms (Views: 4.1ms | ActiveRecord: 0.0ms | Allocations: 9883)


  [1m[35m (1.0ms)[0m  [1m[35mCREATE TABLE "schema_migrations" ("version" varchar NOT NULL PRIMARY KEY)[0m
  [1m[35m (0.4ms)[0m  [1m[35mCREATE TABLE "ar_internal_metadata" ("key" varchar NOT NULL PRIMARY KEY, "value" varchar, "created_at" datetime(6) NOT NULL, "updated_at" datetime(6) NOT NULL)[0m
  [1m[36mActiveRecord::SchemaMigration Pluck (0.1ms)[0m  [1m[34mSELECT "schema_migrations"."version" FROM "schema_migrations" ORDER BY "schema_migrations"."version" ASC[0m
Migrating to CreatePosts (20230623042747)
  [1m[36mTRANSACTION (0.0ms)[0m  [1m[36mbegin transaction[0m
  [1m[35m (0.2ms)[0m  [1m[35mCREATE TABLE "posts" ("id" integer PRIMARY KEY AUTOINCREMENT NOT NULL, "title" varchar, "content" text, "created_at" datetime(6) NOT NULL, "updated_at" datetime(6) NOT NULL)[0m
  [1m[36mActiveRecord::SchemaMigration Create (0.1ms)[0m  [1m[32mINSERT INTO "schema_migrations" ("version") VALUES (?)[0m  [["version", "20230623042747"]]
  [1m[36mTRANSACTION (0.4ms)[0m  [1m[36mcommit transaction[0m
  [1m[36mActiveRecord::InternalMetadata Load (0.1ms)[0m  [1m[34mSELECT "ar_internal_metadata".* FROM "ar_internal_metadata" WHERE "ar_internal_metadata"."key" = ? LIMIT ?[0m  [["key", "environment"], ["LIMIT", 1]]
  [1m[36mTRANSACTION (0.0ms)[0m  [1m[36mbegin transaction[0m
  [1m[36mActiveRecord::InternalMetadata Create (0.2ms)[0m  [1m[32mINSERT INTO "ar_internal_metadata" ("key", "value", "created_at", "updated_at") VALUES (?, ?, ?, ?)[0m  [["key", "environment"], ["value", "development"], ["created_at", "2023-06-23 04:30:24.635997"], ["updated_at", "2023-06-23 04:30:24.635997"]]
  [1m[36mTRANSACTION (0.3ms)[0m  [1m[36mcommit transaction[0m
  [1m[36mActiveRecord::SchemaMigration Pluck (0.0ms)[0m  [1m[34mSELECT "schema_migrations"."version" FROM "schema_migrations" ORDER BY "schema_migrations"."version" ASC[0m
Started GET "/" for 127.0.0.1 at 2023-06-23 22:38:15 +0900
  [1m[36mActiveRecord::SchemaMigration Pluck (0.1ms)[0m  [1m[34mSELECT "schema_migrations"."version" FROM "schema_migrations" ORDER BY "schema_migrations"."version" ASC[0m
Processing by Rails::WelcomeController#index as HTML
  Rendering /Users/itoutsutomu/.anyenv/envs/rbenv/versions/3.0.3/lib/ruby/gems/3.0.0/gems/railties-7.0.5/lib/rails/templates/rails/welcome/index.html.erb
  Rendered /Users/itoutsutomu/.anyenv/envs/rbenv/versions/3.0.3/lib/ruby/gems/3.0.0/gems/railties-7.0.5/lib/rails/templates/rails/welcome/index.html.erb (Duration: 1.1ms | Allocations: 831)
Completed 200 OK in 9ms (Views: 2.9ms | ActiveRecord: 0.0ms | Allocations: 7354)


Started GET "/" for ::1 at 2023-06-23 22:38:25 +0900
Processing by Rails::WelcomeController#index as HTML
  Rendering /Users/itoutsutomu/.anyenv/envs/rbenv/versions/3.0.3/lib/ruby/gems/3.0.0/gems/railties-7.0.5/lib/rails/templates/rails/welcome/index.html.erb
  Rendered /Users/itoutsutomu/.anyenv/envs/rbenv/versions/3.0.3/lib/ruby/gems/3.0.0/gems/railties-7.0.5/lib/rails/templates/rails/welcome/index.html.erb (Duration: 0.5ms | Allocations: 489)
Completed 200 OK in 2ms (Views: 1.0ms | ActiveRecord: 0.0ms | Allocations: 1526)


Started GET "/" for 127.0.0.1 at 2023-06-23 22:38:40 +0900
Processing by Rails::WelcomeController#index as */*
  Rendering /Users/itoutsutomu/.anyenv/envs/rbenv/versions/3.0.3/lib/ruby/gems/3.0.0/gems/railties-7.0.5/lib/rails/templates/rails/welcome/index.html.erb
  Rendered /Users/itoutsutomu/.anyenv/envs/rbenv/versions/3.0.3/lib/ruby/gems/3.0.0/gems/railties-7.0.5/lib/rails/templates/rails/welcome/index.html.erb (Duration: 0.0ms | Allocations: 16)
Completed 200 OK in 0ms (Views: 0.3ms | ActiveRecord: 0.0ms | Allocations: 376)


Started GET "/post/" for 127.0.0.1 at 2023-06-23 22:38:51 +0900
  
ActionController::RoutingError (No route matches [GET] "/post"):
  
Started GET "/post/v1" for 127.0.0.1 at 2023-06-23 22:38:56 +0900
  
ActionController::RoutingError (No route matches [GET] "/post/v1"):
  
Started GET "/post/v1/" for 127.0.0.1 at 2023-06-23 22:39:00 +0900
  
ActionController::RoutingError (No route matches [GET] "/post/v1"):
  
Started GET "/api/v1/post/" for 127.0.0.1 at 2023-06-23 22:39:22 +0900
  
ActionController::RoutingError (No route matches [GET] "/api/v1/post"):
  
Started GET "/api/v1/posts" for 127.0.0.1 at 2023-06-23 22:39:30 +0900
Processing by Api::V1::PostsController#index as */*
Completed 200 OK in 2ms (Views: 0.1ms | ActiveRecord: 0.0ms | Allocations: 1068)


Started GET "/api/v1/posts/1" for 127.0.0.1 at 2023-06-23 22:39:49 +0900
Processing by Api::V1::PostsController#show as */*
  Parameters: {"id"=>"1"}
Completed 400 Bad Request in 0ms (ActiveRecord: 0.0ms | Allocations: 229)


  
ActionController::ParameterMissing (param is missing or the value is empty: post):
  
app/controllers/api/v1/posts_controller.rb:30:in `post_params'
app/controllers/api/v1/posts_controller.rb:8:in `show'
Started GET "/api/v1/post/1" for 127.0.0.1 at 2023-06-23 22:39:51 +0900
  
ActionController::RoutingError (No route matches [GET] "/api/v1/post/1"):
  
Started GET "/api/v1/posts/" for 127.0.0.1 at 2023-06-23 22:40:04 +0900
Processing by Api::V1::PostsController#index as */*
Completed 200 OK in 0ms (Views: 0.0ms | ActiveRecord: 0.0ms | Allocations: 71)


Started POST "/api/v1/posts/" for 127.0.0.1 at 2023-06-23 22:41:07 +0900
Processing by Api::V1::PostsController#create as */*
  Parameters: {"title"=>"はじめての投稿", "content"=>"はじめた", "post"=>{"title"=>"はじめての投稿", "content"=>"はじめた"}}
  [1m[36mTRANSACTION (0.0ms)[0m  [1m[36mbegin transaction[0m
  ↳ app/controllers/api/v1/posts_controller.rb:14:in `create'
  [1m[36mPost Create (1.6ms)[0m  [1m[32mINSERT INTO "posts" ("title", "content", "created_at", "updated_at") VALUES (?, ?, ?, ?)[0m  [["title", "はじめての投稿"], ["content", "はじめた"], ["created_at", "2023-06-23 13:41:07.874988"], ["updated_at", "2023-06-23 13:41:07.874988"]]
  ↳ app/controllers/api/v1/posts_controller.rb:14:in `create'
  [1m[36mTRANSACTION (0.4ms)[0m  [1m[36mcommit transaction[0m
  ↳ app/controllers/api/v1/posts_controller.rb:14:in `create'
Completed 201 Created in 15ms (Views: 0.3ms | ActiveRecord: 2.4ms | Allocations: 18885)


Started GET "/api/v1/posts/" for 127.0.0.1 at 2023-06-23 22:42:52 +0900
Processing by Api::V1::PostsController#index as */*
  Parameters: {"title"=>"はじめての投稿", "content"=>"はじめた", "post"=>{"title"=>"はじめての投稿", "content"=>"はじめた"}}
Completed 200 OK in 0ms (Views: 0.0ms | ActiveRecord: 0.0ms | Allocations: 94)


Started GET "/api/v1/posts/" for 127.0.0.1 at 2023-06-23 22:42:55 +0900
Processing by Api::V1::PostsController#index as */*
  Parameters: {"title"=>"はじめての投稿", "content"=>"はじめた", "post"=>{"title"=>"はじめての投稿", "content"=>"はじめた"}}
Completed 200 OK in 0ms (Views: 0.0ms | ActiveRecord: 0.0ms | Allocations: 80)


Started POST "/api/v1/posts/" for 127.0.0.1 at 2023-06-23 22:43:32 +0900
Processing by Api::V1::PostsController#create as */*
  Parameters: {"title"=>"はじめての投稿2", "content"=>"はじめた2", "post"=>{"title"=>"はじめての投稿2", "content"=>"はじめた2"}}
  [1m[36mTRANSACTION (0.0ms)[0m  [1m[36mbegin transaction[0m
  ↳ app/controllers/api/v1/posts_controller.rb:14:in `create'
  [1m[36mPost Create (0.3ms)[0m  [1m[32mINSERT INTO "posts" ("title", "content", "created_at", "updated_at") VALUES (?, ?, ?, ?)[0m  [["title", "はじめての投稿2"], ["content", "はじめた2"], ["created_at", "2023-06-23 13:43:32.320118"], ["updated_at", "2023-06-23 13:43:32.320118"]]
  ↳ app/controllers/api/v1/posts_controller.rb:14:in `create'
  [1m[36mTRANSACTION (0.5ms)[0m  [1m[36mcommit transaction[0m
  ↳ app/controllers/api/v1/posts_controller.rb:14:in `create'
Completed 201 Created in 2ms (Views: 0.1ms | ActiveRecord: 0.8ms | Allocations: 1905)


Started GET "/api/v1/posts/" for 127.0.0.1 at 2023-06-23 22:43:38 +0900
Processing by Api::V1::PostsController#index as */*
  Parameters: {"title"=>"はじめての投稿2", "content"=>"はじめた2", "post"=>{"title"=>"はじめての投稿2", "content"=>"はじめた2"}}
Completed 200 OK in 0ms (Views: 0.0ms | ActiveRecord: 0.0ms | Allocations: 71)


Started GET "/api/v1/posts/" for 127.0.0.1 at 2023-06-23 22:43:45 +0900
Processing by Api::V1::PostsController#index as */*
Completed 200 OK in 0ms (Views: 0.0ms | ActiveRecord: 0.0ms | Allocations: 71)


Started GET "/api/v1/posts/1" for 127.0.0.1 at 2023-06-23 22:43:50 +0900
Processing by Api::V1::PostsController#show as */*
  Parameters: {"id"=>"1"}
Completed 400 Bad Request in 0ms (ActiveRecord: 0.0ms | Allocations: 143)


  
ActionController::ParameterMissing (param is missing or the value is empty: post):
  
app/controllers/api/v1/posts_controller.rb:30:in `post_params'
app/controllers/api/v1/posts_controller.rb:8:in `show'
Started GET "/api/v1/posts/1" for 127.0.0.1 at 2023-06-23 22:44:32 +0900
Processing by Api::V1::PostsController#show as */*
  Parameters: {"id"=>"1"}
Completed 400 Bad Request in 0ms (ActiveRecord: 0.0ms | Allocations: 130)


  
ActionController::ParameterMissing (param is missing or the value is empty: post):
  
app/controllers/api/v1/posts_controller.rb:30:in `post_params'
app/controllers/api/v1/posts_controller.rb:8:in `show'
Started GET "/api/v1/posts/" for 127.0.0.1 at 2023-06-23 22:44:42 +0900
Processing by Api::V1::PostsController#index as */*
Completed 200 OK in 0ms (Views: 0.0ms | ActiveRecord: 0.0ms | Allocations: 71)


Started GET "/api/v1/posts/" for 127.0.0.1 at 2023-06-23 22:44:43 +0900
Processing by Api::V1::PostsController#index as */*
Completed 200 OK in 0ms (Views: 0.0ms | ActiveRecord: 0.0ms | Allocations: 75)


Started GET "/api/v1/posts/" for 127.0.0.1 at 2023-06-23 22:44:47 +0900
Processing by Api::V1::PostsController#index as */*
  [1m[36mPost Load (0.3ms)[0m  [1m[34mSELECT "posts".* FROM "posts"[0m
  ↳ app/controllers/api/v1/posts_controller.rb:4:in `index'
Completed 200 OK in 4ms (Views: 2.5ms | ActiveRecord: 0.6ms | Allocations: 3774)


Started GET "/api/v1/posts/1" for 127.0.0.1 at 2023-06-23 22:45:05 +0900
Processing by Api::V1::PostsController#show as */*
  Parameters: {"id"=>"1"}
Completed 400 Bad Request in 0ms (ActiveRecord: 0.0ms | Allocations: 174)


  
ActionController::ParameterMissing (param is missing or the value is empty: post):
  
app/controllers/api/v1/posts_controller.rb:30:in `post_params'
app/controllers/api/v1/posts_controller.rb:8:in `show'
Started GET "/api/v1/posts/1" for 127.0.0.1 at 2023-06-23 22:46:39 +0900
  
SyntaxError (/Applications/XAMPP/xamppfiles/htdocs_ito/lesson-ito/frontend2023/blog-rails-nextjs/blog_api/app/controllers/api/v1/posts_controller.rb:8: syntax error, unexpected local variable or method, expecting `end'
    2post = Post.find(params[:id])
     ^~~~
):
  
app/controllers/api/v1/posts_controller.rb:8: syntax error, unexpected local variable or method, expecting `end'
app/controllers/api/v1/posts_controller.rb:8: syntax error, unexpected local variable or method, expecting `end'
Started GET "/api/v1/posts/1" for 127.0.0.1 at 2023-06-23 22:46:53 +0900
Processing by Api::V1::PostsController#show as */*
  Parameters: {"id"=>"1"}
  [1m[36mPost Load (0.3ms)[0m  [1m[34mSELECT "posts".* FROM "posts" WHERE "posts"."id" = ? LIMIT ?[0m  [["id", 1], ["LIMIT", 1]]
  ↳ app/controllers/api/v1/posts_controller.rb:8:in `show'
Completed 200 OK in 6ms (Views: 0.2ms | ActiveRecord: 0.7ms | Allocations: 4474)


Started GET "/api/v1/posts/2" for 127.0.0.1 at 2023-06-23 22:46:58 +0900
Processing by Api::V1::PostsController#show as */*
  Parameters: {"id"=>"2"}
  [1m[36mPost Load (0.1ms)[0m  [1m[34mSELECT "posts".* FROM "posts" WHERE "posts"."id" = ? LIMIT ?[0m  [["id", 2], ["LIMIT", 1]]
  ↳ app/controllers/api/v1/posts_controller.rb:8:in `show'
Completed 200 OK in 1ms (Views: 0.2ms | ActiveRecord: 0.1ms | Allocations: 652)


Started GET "/ws" for ::1 at 2023-06-23 22:55:30 +0900
  
ActionController::RoutingError (No route matches [GET] "/ws"):
  
Started GET "/ws" for ::1 at 2023-06-23 22:55:30 +0900
  
ActionController::RoutingError (No route matches [GET] "/ws"):
  
Started GET "/ws" for ::1 at 2023-06-23 22:55:33 +0900
  
ActionController::RoutingError (No route matches [GET] "/ws"):
  
Started GET "/ws" for ::1 at 2023-06-23 22:55:33 +0900
  
ActionController::RoutingError (No route matches [GET] "/ws"):
  
Started GET "/ws" for ::1 at 2023-06-23 22:57:01 +0900
  
ActionController::RoutingError (No route matches [GET] "/ws"):
  
Started GET "/ws" for ::1 at 2023-06-23 22:57:01 +0900
  
ActionController::RoutingError (No route matches [GET] "/ws"):
  
Started GET "/ws" for ::1 at 2023-06-23 22:57:10 +0900
  
ActionController::RoutingError (No route matches [GET] "/ws"):
  
Started GET "/ws" for ::1 at 2023-06-23 22:57:10 +0900
  
ActionController::RoutingError (No route matches [GET] "/ws"):
  
Started GET "/ws" for ::1 at 2023-06-23 22:57:27 +0900
  
ActionController::RoutingError (No route matches [GET] "/ws"):
  
Started GET "/ws" for ::1 at 2023-06-23 22:57:27 +0900
  
ActionController::RoutingError (No route matches [GET] "/ws"):
  
Started POST "/api/v1/posts/2" for 127.0.0.1 at 2023-06-23 22:57:56 +0900
  
ActionController::RoutingError (No route matches [POST] "/api/v1/posts/2"):
  
Started GET "/ws" for ::1 at 2023-06-23 22:58:00 +0900
  
ActionController::RoutingError (No route matches [GET] "/ws"):
  
Started GET "/ws" for ::1 at 2023-06-23 22:58:00 +0900
  
ActionController::RoutingError (No route matches [GET] "/ws"):
  
Started PUT "/api/v1/posts/2" for 127.0.0.1 at 2023-06-23 22:58:10 +0900
Processing by Api::V1::PostsController#update as */*
  Parameters: {"title"=>"はじめての投稿2-2", "content"=>"はじめた2-2", "id"=>"2", "post"=>{"title"=>"はじめての投稿2-2", "content"=>"はじめた2-2"}}
  [1m[36mPost Load (0.7ms)[0m  [1m[34mSELECT "posts".* FROM "posts" WHERE "posts"."id" = ? LIMIT ?[0m  [["id", 2], ["LIMIT", 1]]
  ↳ app/controllers/api/v1/posts_controller.rb:23:in `update'
  [1m[36mTRANSACTION (0.0ms)[0m  [1m[36mbegin transaction[0m
  ↳ app/controllers/api/v1/posts_controller.rb:24:in `update'
  [1m[36mPost Update (0.6ms)[0m  [1m[33mUPDATE "posts" SET "title" = ?, "content" = ?, "updated_at" = ? WHERE "posts"."id" = ?[0m  [["title", "はじめての投稿2-2"], ["content", "はじめた2-2"], ["updated_at", "2023-06-23 13:58:10.336072"], ["id", 2]]
  ↳ app/controllers/api/v1/posts_controller.rb:24:in `update'
  [1m[36mTRANSACTION (0.3ms)[0m  [1m[36mcommit transaction[0m
  ↳ app/controllers/api/v1/posts_controller.rb:24:in `update'
Completed 201 Created in 5ms (Views: 0.2ms | ActiveRecord: 2.1ms | Allocations: 4411)


Started DELETE "/api/v1/posts/2" for 127.0.0.1 at 2023-06-23 22:58:53 +0900
  
AbstractController::ActionNotFound (The action 'destroy' could not be found for Api::V1::PostsController
Did you mean?  destoy):
  
actionpack (7.0.5) lib/abstract_controller/base.rb:146:in `process'
actionpack (7.0.5) lib/action_controller/metal.rb:188:in `dispatch'
actionpack (7.0.5) lib/action_controller/metal.rb:251:in `dispatch'
actionpack (7.0.5) lib/action_dispatch/routing/route_set.rb:49:in `dispatch'
actionpack (7.0.5) lib/action_dispatch/routing/route_set.rb:32:in `serve'
actionpack (7.0.5) lib/action_dispatch/journey/router.rb:50:in `block in serve'
actionpack (7.0.5) lib/action_dispatch/journey/router.rb:32:in `each'
actionpack (7.0.5) lib/action_dispatch/journey/router.rb:32:in `serve'
actionpack (7.0.5) lib/action_dispatch/routing/route_set.rb:852:in `call'
rack (2.2.7) lib/rack/etag.rb:27:in `call'
rack (2.2.7) lib/rack/conditional_get.rb:40:in `call'
rack (2.2.7) lib/rack/head.rb:12:in `call'
activerecord (7.0.5) lib/active_record/migration.rb:603:in `call'
actionpack (7.0.5) lib/action_dispatch/middleware/callbacks.rb:27:in `block in call'
activesupport (7.0.5) lib/active_support/callbacks.rb:99:in `run_callbacks'
actionpack (7.0.5) lib/action_dispatch/middleware/callbacks.rb:26:in `call'
actionpack (7.0.5) lib/action_dispatch/middleware/executor.rb:14:in `call'
actionpack (7.0.5) lib/action_dispatch/middleware/actionable_exceptions.rb:17:in `call'
actionpack (7.0.5) lib/action_dispatch/middleware/debug_exceptions.rb:28:in `call'
actionpack (7.0.5) lib/action_dispatch/middleware/show_exceptions.rb:26:in `call'
railties (7.0.5) lib/rails/rack/logger.rb:40:in `call_app'
railties (7.0.5) lib/rails/rack/logger.rb:25:in `block in call'
activesupport (7.0.5) lib/active_support/tagged_logging.rb:99:in `block in tagged'
activesupport (7.0.5) lib/active_support/tagged_logging.rb:37:in `tagged'
activesupport (7.0.5) lib/active_support/tagged_logging.rb:99:in `tagged'
railties (7.0.5) lib/rails/rack/logger.rb:25:in `call'
actionpack (7.0.5) lib/action_dispatch/middleware/remote_ip.rb:93:in `call'
actionpack (7.0.5) lib/action_dispatch/middleware/request_id.rb:26:in `call'
rack (2.2.7) lib/rack/runtime.rb:22:in `call'
activesupport (7.0.5) lib/active_support/cache/strategy/local_cache_middleware.rb:29:in `call'
actionpack (7.0.5) lib/action_dispatch/middleware/server_timing.rb:61:in `block in call'
actionpack (7.0.5) lib/action_dispatch/middleware/server_timing.rb:26:in `collect_events'
actionpack (7.0.5) lib/action_dispatch/middleware/server_timing.rb:60:in `call'
actionpack (7.0.5) lib/action_dispatch/middleware/executor.rb:14:in `call'
actionpack (7.0.5) lib/action_dispatch/middleware/static.rb:23:in `call'
rack (2.2.7) lib/rack/sendfile.rb:110:in `call'
actionpack (7.0.5) lib/action_dispatch/middleware/host_authorization.rb:137:in `call'
railties (7.0.5) lib/rails/engine.rb:530:in `call'
puma (5.6.6) lib/puma/configuration.rb:252:in `call'
puma (5.6.6) lib/puma/request.rb:77:in `block in handle_request'
puma (5.6.6) lib/puma/thread_pool.rb:340:in `with_force_shutdown'
puma (5.6.6) lib/puma/request.rb:76:in `handle_request'
puma (5.6.6) lib/puma/server.rb:443:in `process_client'
puma (5.6.6) lib/puma/thread_pool.rb:147:in `block in spawn_thread'
Started GET "/ws" for ::1 at 2023-06-23 22:59:05 +0900
  
ActionController::RoutingError (No route matches [GET] "/ws"):
  
Started GET "/ws" for ::1 at 2023-06-23 22:59:05 +0900
  
ActionController::RoutingError (No route matches [GET] "/ws"):
  
Started DELETE "/api/v1/posts/2" for 127.0.0.1 at 2023-06-23 22:59:22 +0900
Processing by Api::V1::PostsController#destroy as */*
  Parameters: {"title"=>"はじめての投稿2-2", "content"=>"はじめた2-2", "id"=>"2", "post"=>{"title"=>"はじめての投稿2-2", "content"=>"はじめた2-2"}}
  [1m[36mPost Load (0.0ms)[0m  [1m[34mSELECT "posts".* FROM "posts" WHERE "posts"."id" = ? LIMIT ?[0m  [["id", 2], ["LIMIT", 1]]
  ↳ app/controllers/api/v1/posts_controller.rb:32:in `destroy'
  [1m[36mTRANSACTION (0.0ms)[0m  [1m[36mbegin transaction[0m
  ↳ app/controllers/api/v1/posts_controller.rb:33:in `destroy'
  [1m[36mPost Destroy (0.2ms)[0m  [1m[31mDELETE FROM "posts" WHERE "posts"."id" = ?[0m  [["id", 2]]
  ↳ app/controllers/api/v1/posts_controller.rb:33:in `destroy'
  [1m[36mTRANSACTION (0.3ms)[0m  [1m[36mcommit transaction[0m
  ↳ app/controllers/api/v1/posts_controller.rb:33:in `destroy'
Completed 204 No Content in 3ms (ActiveRecord: 0.9ms | Allocations: 3713)


Started GET "/ws" for ::1 at 2023-06-23 23:01:14 +0900
  
ActionController::RoutingError (No route matches [GET] "/ws"):
  
Started GET "/ws" for ::1 at 2023-06-23 23:01:14 +0900
  
ActionController::RoutingError (No route matches [GET] "/ws"):
  
Started GET "/ws" for ::1 at 2023-06-23 23:05:58 +0900
  
ActionController::RoutingError (No route matches [GET] "/ws"):
  
Started GET "/ws" for ::1 at 2023-06-23 23:05:58 +0900
  
ActionController::RoutingError (No route matches [GET] "/ws"):
  
Started GET "/" for ::1 at 2023-06-23 23:40:46 +0900
  [1m[36mActiveRecord::SchemaMigration Pluck (0.1ms)[0m  [1m[34mSELECT "schema_migrations"."version" FROM "schema_migrations" ORDER BY "schema_migrations"."version" ASC[0m
Processing by Rails::WelcomeController#index as HTML
  Rendering /Users/itoutsutomu/.anyenv/envs/rbenv/versions/3.0.3/lib/ruby/gems/3.0.0/gems/railties-7.0.5/lib/rails/templates/rails/welcome/index.html.erb
  Rendered /Users/itoutsutomu/.anyenv/envs/rbenv/versions/3.0.3/lib/ruby/gems/3.0.0/gems/railties-7.0.5/lib/rails/templates/rails/welcome/index.html.erb (Duration: 1.0ms | Allocations: 830)
Completed 200 OK in 7ms (Views: 2.4ms | ActiveRecord: 0.0ms | Allocations: 7353)


Started POST "/api/v1/posts/" for 127.0.0.1 at 2023-06-24 00:25:44 +0900
Processing by Api::V1::PostsController#create as */*
  Parameters: {"title"=>"はじめての投稿2-2", "content"=>"はじめた2-2", "post"=>{"title"=>"はじめての投稿2-2", "content"=>"はじめた2-2"}}
  [1m[36mTRANSACTION (0.0ms)[0m  [1m[36mbegin transaction[0m
  ↳ app/controllers/api/v1/posts_controller.rb:15:in `create'
  [1m[36mPost Create (1.0ms)[0m  [1m[32mINSERT INTO "posts" ("title", "content", "created_at", "updated_at") VALUES (?, ?, ?, ?)[0m  [["title", "はじめての投稿2-2"], ["content", "はじめた2-2"], ["created_at", "2023-06-23 15:25:44.542934"], ["updated_at", "2023-06-23 15:25:44.542934"]]
  ↳ app/controllers/api/v1/posts_controller.rb:15:in `create'
  [1m[36mTRANSACTION (0.5ms)[0m  [1m[36mcommit transaction[0m
  ↳ app/controllers/api/v1/posts_controller.rb:15:in `create'
Completed 201 Created in 9ms (Views: 0.3ms | ActiveRecord: 2.0ms | Allocations: 18076)


Started GET "/" for ::1 at 2023-06-24 00:58:11 +0900
Processing by Rails::WelcomeController#index as HTML
  Rendering /Users/itoutsutomu/.anyenv/envs/rbenv/versions/3.0.3/lib/ruby/gems/3.0.0/gems/railties-7.0.5/lib/rails/templates/rails/welcome/index.html.erb
  Rendered /Users/itoutsutomu/.anyenv/envs/rbenv/versions/3.0.3/lib/ruby/gems/3.0.0/gems/railties-7.0.5/lib/rails/templates/rails/welcome/index.html.erb (Duration: 1.1ms | Allocations: 489)
Completed 200 OK in 4ms (Views: 3.0ms | Allocations: 1508)


Started GET "/" for ::1 at 2023-06-24 00:58:14 +0900
Processing by Rails::WelcomeController#index as HTML
  Rendering /Users/itoutsutomu/.anyenv/envs/rbenv/versions/3.0.3/lib/ruby/gems/3.0.0/gems/railties-7.0.5/lib/rails/templates/rails/welcome/index.html.erb
  Rendered /Users/itoutsutomu/.anyenv/envs/rbenv/versions/3.0.3/lib/ruby/gems/3.0.0/gems/railties-7.0.5/lib/rails/templates/rails/welcome/index.html.erb (Duration: 0.2ms | Allocations: 16)
Completed 200 OK in 1ms (Views: 0.7ms | Allocations: 284)


Started GET "/api/v1/posts" for ::1 at 2023-06-24 18:43:18 +0900
Processing by Api::V1::PostsController#index as */*
  [1m[36mPost Load (0.9ms)[0m  [1m[34mSELECT "posts".* FROM "posts"[0m
  ↳ app/controllers/api/v1/posts_controller.rb:4:in `index'
Completed 200 OK in 8ms (Views: 7.0ms | ActiveRecord: 1.2ms | Allocations: 1353)


